<html>
<body>
<pre>
<h1>Vision Build Log</h1>
<h2>Project:</h2>
C:\Users\tziyang\Documents\GitHub\pales\GPS_Decode_USART\Project\RVMDK\iSO-STM32.uvproj
Project File Date:  11/11/2015

<h2>Output:</h2>
Build target 'GPS'
assembling startup_stm32f10x_hd.s...
compiling core_cm3.c...
compiling system_stm32f10x.c...
compiling misc.c...
compiling stm32f10x_adc.c...
compiling stm32f10x_bkp.c...
compiling stm32f10x_can.c...
compiling stm32f10x_cec.c...
compiling stm32f10x_crc.c...
compiling stm32f10x_dac.c...
compiling stm32f10x_dbgmcu.c...
compiling stm32f10x_dma.c...
compiling stm32f10x_exti.c...
compiling stm32f10x_flash.c...
compiling stm32f10x_fsmc.c...
compiling stm32f10x_gpio.c...
compiling stm32f10x_i2c.c...
compiling stm32f10x_iwdg.c...
compiling stm32f10x_pwr.c...
compiling stm32f10x_rcc.c...
compiling stm32f10x_rtc.c...
compiling stm32f10x_sdio.c...
compiling stm32f10x_spi.c...
compiling stm32f10x_tim.c...
compiling stm32f10x_usart.c...
compiling stm32f10x_wwdg.c...
compiling main.c...
compiling stm32f10x_it.c...
compiling bsp_usart1.c...
compiling bsp_sdio_sdcard.c...
compiling bsp_usart2.c...
compiling gps_config.c...
compiling nema_decode_test.c...
compiling diskio.c...
compiling ff.c...
..\..\User\ff9\ff.c(1653): warning:  #111-D: statement is unreachable
..\..\User\ff9\ff.c:                    w = (w << 8) + b;                       /* Create a DBC */
..\..\User\ff9\ff.c:                    ^
..\..\User\ff9\ff.c: ..\..\User\ff9\ff.c: 1 warning, 0 errors
compiling ccsbcs.c...
compiling context.c...
compiling generate.c...
compiling generator.c...
compiling gmath.c...
..\..\User\nmea_decode\src\gmath.c(166): warning:  #550-D: variable "tan_sigma" was set but never used
..\..\User\nmea_decode\src\gmath.c:           double tmp1, tmp2, tan_sigma, sin_alpha, cos_alpha, C, lambda_prev; 
..\..\User\nmea_decode\src\gmath.c:                              ^
..\..\User\nmea_decode\src\gmath.c(264): warning:  #550-D: variable "tan_sigma1" was set but never used
..\..\User\nmea_decode\src\gmath.c:       double tan_sigma1, sigma1, sin_alpha, cos_alpha, sqr_cos_alpha, sqr_u, A, B;
..\..\User\nmea_decode\src\gmath.c:              ^
..\..\User\nmea_decode\src\gmath.c(264): warning:  #550-D: variable "cos_alpha" was set but never used
..\..\User\nmea_decode\src\gmath.c:       double tan_sigma1, sigma1, sin_alpha, cos_alpha, sqr_cos_alpha, sqr_u, A, B;
..\..\User\nmea_decode\src\gmath.c:                                             ^
..\..\User\nmea_decode\src\gmath.c: ..\..\User\nmea_decode\src\gmath.c: 3 warnings, 0 errors
compiling info.c...
compiling parse.c...
compiling parser.c...
compiling sentence.c...
compiling time.c...
compiling tok.c...
linking...
Program Size: Code=22816 RO-data=568 RW-data=116 ZI-data=6100  
FromELF: creating hex file...
"..\..\Output\Template.axf" - 0 Error(s), 4 Warning(s).
Build target 'GPS'
assembling startup_stm32f10x_hd.s...
compiling core_cm3.c...
compiling system_stm32f10x.c...
compiling misc.c...
compiling stm32f10x_adc.c...
compiling stm32f10x_bkp.c...
compiling stm32f10x_can.c...
compiling stm32f10x_cec.c...
compiling stm32f10x_crc.c...
compiling stm32f10x_dac.c...
compiling stm32f10x_dbgmcu.c...
compiling stm32f10x_dma.c...
compiling stm32f10x_exti.c...
compiling stm32f10x_flash.c...
compiling stm32f10x_fsmc.c...
compiling stm32f10x_gpio.c...
compiling stm32f10x_i2c.c...
compiling stm32f10x_iwdg.c...
compiling stm32f10x_pwr.c...
compiling stm32f10x_rcc.c...
compiling stm32f10x_rtc.c...
compiling stm32f10x_sdio.c...
compiling stm32f10x_spi.c...
compiling stm32f10x_tim.c...
compiling stm32f10x_usart.c...
compiling stm32f10x_wwdg.c...
compiling main.c...
compiling stm32f10x_it.c...
compiling bsp_usart1.c...
compiling bsp_sdio_sdcard.c...
compiling bsp_usart2.c...
compiling gps_config.c...
compiling nema_decode_test.c...
compiling diskio.c...
compiling ff.c...
..\..\User\ff9\ff.c(1653): warning:  #111-D: statement is unreachable
..\..\User\ff9\ff.c:                    w = (w << 8) + b;                       /* Create a DBC */
..\..\User\ff9\ff.c:                    ^
..\..\User\ff9\ff.c: ..\..\User\ff9\ff.c: 1 warning, 0 errors
compiling ccsbcs.c...
compiling context.c...
compiling generate.c...
compiling generator.c...
compiling gmath.c...
..\..\User\nmea_decode\src\gmath.c(166): warning:  #550-D: variable "tan_sigma" was set but never used
..\..\User\nmea_decode\src\gmath.c:           double tmp1, tmp2, tan_sigma, sin_alpha, cos_alpha, C, lambda_prev; 
..\..\User\nmea_decode\src\gmath.c:                              ^
..\..\User\nmea_decode\src\gmath.c(264): warning:  #550-D: variable "tan_sigma1" was set but never used
..\..\User\nmea_decode\src\gmath.c:       double tan_sigma1, sigma1, sin_alpha, cos_alpha, sqr_cos_alpha, sqr_u, A, B;
..\..\User\nmea_decode\src\gmath.c:              ^
..\..\User\nmea_decode\src\gmath.c(264): warning:  #550-D: variable "cos_alpha" was set but never used
..\..\User\nmea_decode\src\gmath.c:       double tan_sigma1, sigma1, sin_alpha, cos_alpha, sqr_cos_alpha, sqr_u, A, B;
..\..\User\nmea_decode\src\gmath.c:                                             ^
..\..\User\nmea_decode\src\gmath.c: ..\..\User\nmea_decode\src\gmath.c: 3 warnings, 0 errors
compiling info.c...
compiling parse.c...
compiling parser.c...
compiling sentence.c...
compiling time.c...
compiling tok.c...
linking...
Program Size: Code=22816 RO-data=568 RW-data=116 ZI-data=6100  
FromELF: creating hex file...
"..\..\Output\Template.axf" - 0 Error(s), 4 Warning(s).
Build target 'GPS'
assembling startup_stm32f10x_hd.s...
compiling core_cm3.c...
compiling system_stm32f10x.c...
compiling misc.c...
compiling stm32f10x_adc.c...
compiling stm32f10x_bkp.c...
compiling stm32f10x_can.c...
compiling stm32f10x_cec.c...
compiling stm32f10x_crc.c...
compiling stm32f10x_dac.c...
compiling stm32f10x_dbgmcu.c...
compiling stm32f10x_dma.c...
compiling stm32f10x_exti.c...
compiling stm32f10x_flash.c...
compiling stm32f10x_fsmc.c...
compiling stm32f10x_gpio.c...
compiling stm32f10x_i2c.c...
compiling stm32f10x_iwdg.c...
compiling stm32f10x_pwr.c...
compiling stm32f10x_rcc.c...
compiling stm32f10x_rtc.c...
compiling stm32f10x_sdio.c...
compiling stm32f10x_spi.c...
compiling stm32f10x_tim.c...
compiling stm32f10x_usart.c...
compiling stm32f10x_wwdg.c...
compiling main.c...
..\..\User\main.c(22): warning:  #223-D: function "nmea_decode_test" declared implicitly
..\..\User\main.c:       nmea_decode_test();
..\..\User\main.c:       ^
..\..\User\main.c: ..\..\User\main.c: 1 warning, 0 errors
compiling stm32f10x_it.c...
compiling bsp_usart1.c...
compiling bsp_sdio_sdcard.c...
compiling bsp_usart2.c...
compiling gps_config.c...
compiling nema_decode_test.c...
compiling diskio.c...
compiling ff.c...
..\..\User\ff9\ff.c(1653): warning:  #111-D: statement is unreachable
..\..\User\ff9\ff.c:                    w = (w << 8) + b;                       /* Create a DBC */
..\..\User\ff9\ff.c:                    ^
..\..\User\ff9\ff.c: ..\..\User\ff9\ff.c: 1 warning, 0 errors
compiling ccsbcs.c...
compiling context.c...
compiling generate.c...
compiling generator.c...
compiling gmath.c...
..\..\User\nmea_decode\src\gmath.c(166): warning:  #550-D: variable "tan_sigma" was set but never used
..\..\User\nmea_decode\src\gmath.c:           double tmp1, tmp2, tan_sigma, sin_alpha, cos_alpha, C, lambda_prev; 
..\..\User\nmea_decode\src\gmath.c:                              ^
..\..\User\nmea_decode\src\gmath.c(264): warning:  #550-D: variable "tan_sigma1" was set but never used
..\..\User\nmea_decode\src\gmath.c:       double tan_sigma1, sigma1, sin_alpha, cos_alpha, sqr_cos_alpha, sqr_u, A, B;
..\..\User\nmea_decode\src\gmath.c:              ^
..\..\User\nmea_decode\src\gmath.c(264): warning:  #550-D: variable "cos_alpha" was set but never used
..\..\User\nmea_decode\src\gmath.c:       double tan_sigma1, sigma1, sin_alpha, cos_alpha, sqr_cos_alpha, sqr_u, A, B;
..\..\User\nmea_decode\src\gmath.c:                                             ^
..\..\User\nmea_decode\src\gmath.c: ..\..\User\nmea_decode\src\gmath.c: 3 warnings, 0 errors
compiling info.c...
compiling parse.c...
compiling parser.c...
compiling sentence.c...
compiling time.c...
compiling tok.c...
linking...
Program Size: Code=22816 RO-data=568 RW-data=116 ZI-data=6100  
FromELF: creating hex file...
"..\..\Output\Template.axf" - 0 Error(s), 5 Warning(s).
Build target 'GPS'
assembling startup_stm32f10x_hd.s...
compiling core_cm3.c...
compiling system_stm32f10x.c...
compiling misc.c...
compiling stm32f10x_adc.c...
compiling stm32f10x_bkp.c...
compiling stm32f10x_can.c...
compiling stm32f10x_cec.c...
compiling stm32f10x_crc.c...
compiling stm32f10x_dac.c...
compiling stm32f10x_dbgmcu.c...
compiling stm32f10x_dma.c...
compiling stm32f10x_exti.c...
compiling stm32f10x_flash.c...
compiling stm32f10x_fsmc.c...
compiling stm32f10x_gpio.c...
compiling stm32f10x_i2c.c...
compiling stm32f10x_iwdg.c...
compiling stm32f10x_pwr.c...
compiling stm32f10x_rcc.c...
compiling stm32f10x_rtc.c...
compiling stm32f10x_sdio.c...
compiling stm32f10x_spi.c...
compiling stm32f10x_tim.c...
compiling stm32f10x_usart.c...
compiling stm32f10x_wwdg.c...
compiling main.c...
..\..\User\main.c(25): warning:  #223-D: function "nmea_decode_test" declared implicitly
..\..\User\main.c:       nmea_decode_test();
..\..\User\main.c:       ^
..\..\User\main.c: ..\..\User\main.c: 1 warning, 0 errors
compiling stm32f10x_it.c...
compiling bsp_usart1.c...
compiling bsp_sdio_sdcard.c...
compiling bsp_usart2.c...
compiling gps_config.c...
compiling nema_decode_test.c...
compiling diskio.c...
compiling ff.c...
..\..\User\ff9\ff.c(1653): warning:  #111-D: statement is unreachable
..\..\User\ff9\ff.c:                    w = (w << 8) + b;                       /* Create a DBC */
..\..\User\ff9\ff.c:                    ^
..\..\User\ff9\ff.c: ..\..\User\ff9\ff.c: 1 warning, 0 errors
compiling ccsbcs.c...
compiling context.c...
compiling generate.c...
compiling generator.c...
compiling gmath.c...
..\..\User\nmea_decode\src\gmath.c(166): warning:  #550-D: variable "tan_sigma" was set but never used
..\..\User\nmea_decode\src\gmath.c:           double tmp1, tmp2, tan_sigma, sin_alpha, cos_alpha, C, lambda_prev; 
..\..\User\nmea_decode\src\gmath.c:                              ^
..\..\User\nmea_decode\src\gmath.c(264): warning:  #550-D: variable "tan_sigma1" was set but never used
..\..\User\nmea_decode\src\gmath.c:       double tan_sigma1, sigma1, sin_alpha, cos_alpha, sqr_cos_alpha, sqr_u, A, B;
..\..\User\nmea_decode\src\gmath.c:              ^
..\..\User\nmea_decode\src\gmath.c(264): warning:  #550-D: variable "cos_alpha" was set but never used
..\..\User\nmea_decode\src\gmath.c:       double tan_sigma1, sigma1, sin_alpha, cos_alpha, sqr_cos_alpha, sqr_u, A, B;
..\..\User\nmea_decode\src\gmath.c:                                             ^
..\..\User\nmea_decode\src\gmath.c: ..\..\User\nmea_decode\src\gmath.c: 3 warnings, 0 errors
compiling info.c...
compiling parse.c...
compiling parser.c...
compiling sentence.c...
compiling time.c...
compiling tok.c...
linking...
Program Size: Code=22816 RO-data=568 RW-data=116 ZI-data=6100  
FromELF: creating hex file...
"..\..\Output\Template.axf" - 0 Error(s), 5 Warning(s).
Build target 'GPS'
assembling startup_stm32f10x_hd.s...
compiling core_cm3.c...
compiling system_stm32f10x.c...
compiling misc.c...
compiling stm32f10x_adc.c...
compiling stm32f10x_bkp.c...
compiling stm32f10x_can.c...
compiling stm32f10x_cec.c...
compiling stm32f10x_crc.c...
compiling stm32f10x_dac.c...
compiling stm32f10x_dbgmcu.c...
compiling stm32f10x_dma.c...
compiling stm32f10x_exti.c...
compiling stm32f10x_flash.c...
compiling stm32f10x_fsmc.c...
compiling stm32f10x_gpio.c...
compiling stm32f10x_i2c.c...
compiling stm32f10x_iwdg.c...
compiling stm32f10x_pwr.c...
compiling stm32f10x_rcc.c...
compiling stm32f10x_rtc.c...
compiling stm32f10x_sdio.c...
compiling stm32f10x_spi.c...
compiling stm32f10x_tim.c...
compiling stm32f10x_usart.c...
compiling stm32f10x_wwdg.c...
compiling main.c...
..\..\User\main.c(25): warning:  #223-D: function "nmea_decode_test" declared implicitly
..\..\User\main.c:       nmea_decode_test();
..\..\User\main.c:       ^
..\..\User\main.c: ..\..\User\main.c: 1 warning, 0 errors
compiling stm32f10x_it.c...
compiling bsp_usart1.c...
compiling bsp_sdio_sdcard.c...
compiling bsp_usart2.c...
compiling gps_config.c...
compiling nema_decode_test.c...
compiling temp.c...
compiling diskio.c...
compiling ff.c...
..\..\User\ff9\ff.c(1653): warning:  #111-D: statement is unreachable
..\..\User\ff9\ff.c:                    w = (w << 8) + b;                       /* Create a DBC */
..\..\User\ff9\ff.c:                    ^
..\..\User\ff9\ff.c: ..\..\User\ff9\ff.c: 1 warning, 0 errors
compiling ccsbcs.c...
compiling context.c...
compiling generate.c...
compiling generator.c...
compiling gmath.c...
..\..\User\nmea_decode\src\gmath.c(166): warning:  #550-D: variable "tan_sigma" was set but never used
..\..\User\nmea_decode\src\gmath.c:           double tmp1, tmp2, tan_sigma, sin_alpha, cos_alpha, C, lambda_prev; 
..\..\User\nmea_decode\src\gmath.c:                              ^
..\..\User\nmea_decode\src\gmath.c(264): warning:  #550-D: variable "tan_sigma1" was set but never used
..\..\User\nmea_decode\src\gmath.c:       double tan_sigma1, sigma1, sin_alpha, cos_alpha, sqr_cos_alpha, sqr_u, A, B;
..\..\User\nmea_decode\src\gmath.c:              ^
..\..\User\nmea_decode\src\gmath.c(264): warning:  #550-D: variable "cos_alpha" was set but never used
..\..\User\nmea_decode\src\gmath.c:       double tan_sigma1, sigma1, sin_alpha, cos_alpha, sqr_cos_alpha, sqr_u, A, B;
..\..\User\nmea_decode\src\gmath.c:                                             ^
..\..\User\nmea_decode\src\gmath.c: ..\..\User\nmea_decode\src\gmath.c: 3 warnings, 0 errors
compiling info.c...
compiling parse.c...
compiling parser.c...
compiling sentence.c...
compiling time.c...
compiling tok.c...
linking...
..\..\Output\Template.axf: Error: L6200E: Symbol uart_buff multiply defined (by temp.o and bsp_usart2.o).
..\..\Output\Template.axf: Error: L6200E: Symbol uart_p multiply defined (by temp.o and bsp_usart2.o).
..\..\Output\Template.axf: Error: L6200E: Symbol bsp_USART2_IRQHandler multiply defined (by temp.o and bsp_usart2.o).
..\..\Output\Template.axf: Error: L6200E: Symbol get_rebuff multiply defined (by temp.o and bsp_usart2.o).
..\..\Output\Template.axf: Error: L6200E: Symbol clean_rebuff multiply defined (by temp.o and bsp_usart2.o).
..\..\Output\Template.axf: Not enough information to list image symbols.
..\..\Output\Template.axf: Not enough information to list the image map.
..\..\Output\Template.axf: Finished: 2 information, 0 warning and 5 error messages.
Target not created
Build target 'GPS'
assembling startup_stm32f10x_hd.s...
compiling core_cm3.c...
compiling system_stm32f10x.c...
compiling misc.c...
compiling stm32f10x_adc.c...
compiling stm32f10x_bkp.c...
compiling stm32f10x_can.c...
compiling stm32f10x_cec.c...
compiling stm32f10x_crc.c...
compiling stm32f10x_dac.c...
compiling stm32f10x_dbgmcu.c...
compiling stm32f10x_dma.c...
compiling stm32f10x_exti.c...
compiling stm32f10x_flash.c...
compiling stm32f10x_fsmc.c...
compiling stm32f10x_gpio.c...
compiling stm32f10x_i2c.c...
compiling stm32f10x_iwdg.c...
compiling stm32f10x_pwr.c...
compiling stm32f10x_rcc.c...
compiling stm32f10x_rtc.c...
compiling stm32f10x_sdio.c...
compiling stm32f10x_spi.c...
compiling stm32f10x_tim.c...
compiling stm32f10x_usart.c...
compiling stm32f10x_wwdg.c...
compiling main.c...
..\..\User\main.c(25): warning:  #223-D: function "nmea_decode_test" declared implicitly
..\..\User\main.c:       nmea_decode_test();
..\..\User\main.c:       ^
..\..\User\main.c: ..\..\User\main.c: 1 warning, 0 errors
compiling stm32f10x_it.c...
compiling bsp_usart1.c...
compiling bsp_sdio_sdcard.c...
compiling bsp_usart2.c...
compiling gps_config.c...
compiling nema_decode_test.c...
compiling temp.c...
..\..\User\temp\temp.c(20): warning:  #9-D: nested comment is not allowed
..\..\User\temp\temp.c:         //* config USART2 clock */
..\..\User\temp\temp.c:          ^
..\..\User\temp\temp.c(26): error:  #20: identifier "GPIO_InitStructure" is undefined
..\..\User\temp\temp.c:     GPIO_InitStructure.GPIO_Pin = GPIO_Pin_2;
..\..\User\temp\temp.c:     ^
..\..\User\temp\temp.c(37): error:  #20: identifier "USART_InitStructure" is undefined
..\..\User\temp\temp.c:         USART_InitStructure.USART_BaudRate = 9600;                //GPS模块默认使用波特率：9600
..\..\User\temp\temp.c:         ^
..\..\User\temp\temp.c(47): error:  #29: expected an expression
..\..\User\temp\temp.c:         */
..\..\User\temp\temp.c:          ^
..\..\User\temp\temp.c(48): error:  #65: expected a ";"
..\..\User\temp\temp.c:   }
..\..\User\temp\temp.c:   ^
..\..\User\temp\temp.c: ..\..\User\temp\temp.c: 1 warning, 4 errors
compiling diskio.c...
compiling ff.c...
..\..\User\ff9\ff.c(1653): warning:  #111-D: statement is unreachable
..\..\User\ff9\ff.c:                    w = (w << 8) + b;                       /* Create a DBC */
..\..\User\ff9\ff.c:                    ^
..\..\User\ff9\ff.c: ..\..\User\ff9\ff.c: 1 warning, 0 errors
compiling ccsbcs.c...
compiling context.c...
compiling generate.c...
compiling generator.c...
compiling gmath.c...
..\..\User\nmea_decode\src\gmath.c(166): warning:  #550-D: variable "tan_sigma" was set but never used
..\..\User\nmea_decode\src\gmath.c:           double tmp1, tmp2, tan_sigma, sin_alpha, cos_alpha, C, lambda_prev; 
..\..\User\nmea_decode\src\gmath.c:                              ^
..\..\User\nmea_decode\src\gmath.c(264): warning:  #550-D: variable "tan_sigma1" was set but never used
..\..\User\nmea_decode\src\gmath.c:       double tan_sigma1, sigma1, sin_alpha, cos_alpha, sqr_cos_alpha, sqr_u, A, B;
..\..\User\nmea_decode\src\gmath.c:              ^
..\..\User\nmea_decode\src\gmath.c(264): warning:  #550-D: variable "cos_alpha" was set but never used
..\..\User\nmea_decode\src\gmath.c:       double tan_sigma1, sigma1, sin_alpha, cos_alpha, sqr_cos_alpha, sqr_u, A, B;
..\..\User\nmea_decode\src\gmath.c:                                             ^
..\..\User\nmea_decode\src\gmath.c: ..\..\User\nmea_decode\src\gmath.c: 3 warnings, 0 errors
compiling info.c...
compiling parse.c...
compiling parser.c...
compiling sentence.c...
compiling time.c...
compiling tok.c...
Target not created
Build target 'GPS'
assembling startup_stm32f10x_hd.s...
compiling core_cm3.c...
compiling system_stm32f10x.c...
compiling misc.c...
compiling stm32f10x_adc.c...
compiling stm32f10x_bkp.c...
compiling stm32f10x_can.c...
compiling stm32f10x_cec.c...
compiling stm32f10x_crc.c...
compiling stm32f10x_dac.c...
compiling stm32f10x_dbgmcu.c...
compiling stm32f10x_dma.c...
compiling stm32f10x_exti.c...
compiling stm32f10x_flash.c...
compiling stm32f10x_fsmc.c...
compiling stm32f10x_gpio.c...
compiling stm32f10x_i2c.c...
compiling stm32f10x_iwdg.c...
compiling stm32f10x_pwr.c...
compiling stm32f10x_rcc.c...
compiling stm32f10x_rtc.c...
compiling stm32f10x_sdio.c...
compiling stm32f10x_spi.c...
compiling stm32f10x_tim.c...
compiling stm32f10x_usart.c...
compiling stm32f10x_wwdg.c...
compiling main.c...
..\..\User\main.c(25): warning:  #223-D: function "nmea_decode_test" declared implicitly
..\..\User\main.c:       nmea_decode_test();
..\..\User\main.c:       ^
..\..\User\main.c: ..\..\User\main.c: 1 warning, 0 errors
compiling stm32f10x_it.c...
compiling bsp_usart1.c...
compiling bsp_sdio_sdcard.c...
compiling bsp_usart2.c...
compiling gps_config.c...
compiling nema_decode_test.c...
compiling temp.c...
..\..\User\temp\temp.c(20): warning:  #9-D: nested comment is not allowed
..\..\User\temp\temp.c:         //* config USART2 clock 
..\..\User\temp\temp.c:          ^
..\..\User\temp\temp.c(24): warning:  #9-D: nested comment is not allowed
..\..\User\temp\temp.c:         //* USART2 GPIO config 
..\..\User\temp\temp.c:          ^
..\..\User\temp\temp.c(25): warning:  #9-D: nested comment is not allowed
..\..\User\temp\temp.c:     //* Configure USART2 Tx (PA.02) as alternate function push-pull 
..\..\User\temp\temp.c:      ^
..\..\User\temp\temp.c(31): warning:  #9-D: nested comment is not allowed
..\..\User\temp\temp.c:     //* Configure USART2 Rx (PA.03) as input floating 
..\..\User\temp\temp.c:      ^
..\..\User\temp\temp.c(36): warning:  #9-D: nested comment is not allowed
..\..\User\temp\temp.c:         //* USART2 mode config 
..\..\User\temp\temp.c:          ^
..\..\User\temp\temp.c: ..\..\User\temp\temp.c: 5 warnings, 0 errors
compiling diskio.c...
compiling ff.c...
..\..\User\ff9\ff.c(1653): warning:  #111-D: statement is unreachable
..\..\User\ff9\ff.c:                    w = (w << 8) + b;                       /* Create a DBC */
..\..\User\ff9\ff.c:                    ^
..\..\User\ff9\ff.c: ..\..\User\ff9\ff.c: 1 warning, 0 errors
compiling ccsbcs.c...
compiling context.c...
compiling generate.c...
compiling generator.c...
compiling gmath.c...
..\..\User\nmea_decode\src\gmath.c(166): warning:  #550-D: variable "tan_sigma" was set but never used
..\..\User\nmea_decode\src\gmath.c:           double tmp1, tmp2, tan_sigma, sin_alpha, cos_alpha, C, lambda_prev; 
..\..\User\nmea_decode\src\gmath.c:                              ^
..\..\User\nmea_decode\src\gmath.c(264): warning:  #550-D: variable "tan_sigma1" was set but never used
..\..\User\nmea_decode\src\gmath.c:       double tan_sigma1, sigma1, sin_alpha, cos_alpha, sqr_cos_alpha, sqr_u, A, B;
..\..\User\nmea_decode\src\gmath.c:              ^
..\..\User\nmea_decode\src\gmath.c(264): warning:  #550-D: variable "cos_alpha" was set but never used
..\..\User\nmea_decode\src\gmath.c:       double tan_sigma1, sigma1, sin_alpha, cos_alpha, sqr_cos_alpha, sqr_u, A, B;
..\..\User\nmea_decode\src\gmath.c:                                             ^
..\..\User\nmea_decode\src\gmath.c: ..\..\User\nmea_decode\src\gmath.c: 3 warnings, 0 errors
compiling info.c...
compiling parse.c...
compiling parser.c...
compiling sentence.c...
compiling time.c...
compiling tok.c...
linking...
Program Size: Code=22816 RO-data=568 RW-data=116 ZI-data=6100  
FromELF: creating hex file...
"..\..\Output\Template.axf" - 0 Error(s), 10 Warning(s).
Build target 'GPS'
assembling startup_stm32f10x_hd.s...
compiling core_cm3.c...
compiling system_stm32f10x.c...
compiling misc.c...
compiling stm32f10x_adc.c...
compiling stm32f10x_bkp.c...
compiling stm32f10x_can.c...
compiling stm32f10x_cec.c...
compiling stm32f10x_crc.c...
compiling stm32f10x_dac.c...
compiling stm32f10x_dbgmcu.c...
compiling stm32f10x_dma.c...
compiling stm32f10x_exti.c...
compiling stm32f10x_flash.c...
compiling stm32f10x_fsmc.c...
compiling stm32f10x_gpio.c...
compiling stm32f10x_i2c.c...
compiling stm32f10x_iwdg.c...
compiling stm32f10x_pwr.c...
compiling stm32f10x_rcc.c...
compiling stm32f10x_rtc.c...
compiling stm32f10x_sdio.c...
compiling stm32f10x_spi.c...
compiling stm32f10x_tim.c...
compiling stm32f10x_usart.c...
compiling stm32f10x_wwdg.c...
compiling main.c...
..\..\User\main.c(25): warning:  #223-D: function "nmea_decode_test" declared implicitly
..\..\User\main.c:       nmea_decode_test();
..\..\User\main.c:       ^
..\..\User\main.c: ..\..\User\main.c: 1 warning, 0 errors
compiling stm32f10x_it.c...
compiling bsp_usart1.c...
compiling bsp_sdio_sdcard.c...
compiling bsp_usart2.c...
compiling gps_config.c...
compiling nema_decode_test.c...
compiling temp.c...
..\..\User\temp\temp.c(20): warning:  #9-D: nested comment is not allowed
..\..\User\temp\temp.c:         //* config USART2 clock 
..\..\User\temp\temp.c:          ^
..\..\User\temp\temp.c(24): warning:  #9-D: nested comment is not allowed
..\..\User\temp\temp.c:         //* USART2 GPIO config 
..\..\User\temp\temp.c:          ^
..\..\User\temp\temp.c(25): warning:  #9-D: nested comment is not allowed
..\..\User\temp\temp.c:     //* Configure USART2 Tx (PA.02) as alternate function push-pull 
..\..\User\temp\temp.c:      ^
..\..\User\temp\temp.c(31): warning:  #9-D: nested comment is not allowed
..\..\User\temp\temp.c:     //* Configure USART2 Rx (PA.03) as input floating 
..\..\User\temp\temp.c:      ^
..\..\User\temp\temp.c(36): warning:  #9-D: nested comment is not allowed
..\..\User\temp\temp.c:         //* USART2 mode config 
..\..\User\temp\temp.c:          ^
..\..\User\temp\temp.c(77): warning:  #940-D: missing return statement at end of non-void function "USART3_getTemp"
..\..\User\temp\temp.c:   }
..\..\User\temp\temp.c:   ^
..\..\User\temp\temp.c(54): warning:  #550-D: variable "tempEnv" was set but never used
..\..\User\temp\temp.c:     int tempEnv =0;
..\..\User\temp\temp.c:         ^
..\..\User\temp\temp.c: ..\..\User\temp\temp.c: 7 warnings, 0 errors
compiling diskio.c...
compiling ff.c...
..\..\User\ff9\ff.c(1653): warning:  #111-D: statement is unreachable
..\..\User\ff9\ff.c:                    w = (w << 8) + b;                       /* Create a DBC */
..\..\User\ff9\ff.c:                    ^
..\..\User\ff9\ff.c: ..\..\User\ff9\ff.c: 1 warning, 0 errors
compiling ccsbcs.c...
compiling context.c...
compiling generate.c...
compiling generator.c...
compiling gmath.c...
..\..\User\nmea_decode\src\gmath.c(166): warning:  #550-D: variable "tan_sigma" was set but never used
..\..\User\nmea_decode\src\gmath.c:           double tmp1, tmp2, tan_sigma, sin_alpha, cos_alpha, C, lambda_prev; 
..\..\User\nmea_decode\src\gmath.c:                              ^
..\..\User\nmea_decode\src\gmath.c(264): warning:  #550-D: variable "tan_sigma1" was set but never used
..\..\User\nmea_decode\src\gmath.c:       double tan_sigma1, sigma1, sin_alpha, cos_alpha, sqr_cos_alpha, sqr_u, A, B;
..\..\User\nmea_decode\src\gmath.c:              ^
..\..\User\nmea_decode\src\gmath.c(264): warning:  #550-D: variable "cos_alpha" was set but never used
..\..\User\nmea_decode\src\gmath.c:       double tan_sigma1, sigma1, sin_alpha, cos_alpha, sqr_cos_alpha, sqr_u, A, B;
..\..\User\nmea_decode\src\gmath.c:                                             ^
..\..\User\nmea_decode\src\gmath.c: ..\..\User\nmea_decode\src\gmath.c: 3 warnings, 0 errors
compiling info.c...
compiling parse.c...
compiling parser.c...
compiling sentence.c...
compiling time.c...
compiling tok.c...
linking...
Program Size: Code=22816 RO-data=568 RW-data=116 ZI-data=6100  
FromELF: creating hex file...
"..\..\Output\Template.axf" - 0 Error(s), 12 Warning(s).
